2025-02-05 14:20:47,232 DEBUG    root            Loaded Command Group: ['gcloud', 'components']
2025-02-05 14:20:47,234 DEBUG    root            Loaded Command Group: ['gcloud', 'components', 'update']
2025-02-05 14:20:47,236 DEBUG    root            Running [gcloud.components.update] with arguments: [--quiet: "True", COMPONENT-IDS:8: "['gcloud', 'core', 'bq', 'gsutil', 'compute', 'preview', 'alpha', 'beta']"]
2025-02-05 14:20:47,237 INFO     ___FILE_ONLY___ Beginning update. This process may take several minutes.

2025-02-05 14:20:47,246 DEBUG    urllib3.connectionpool Starting new HTTPS connection (1): dl.google.com:443
2025-02-05 14:20:47,344 DEBUG    urllib3.connectionpool https://dl.google.com:443 "GET /dl/cloudsdk/channels/rapid/components-2.json HTTP/11" 200 227832
2025-02-05 14:20:47,357 WARNING  root            Component [compute] no longer exists.
2025-02-05 14:20:47,358 INFO     ___FILE_ONLY___ 

2025-02-05 14:20:47,358 INFO     ___FILE_ONLY___ 
Your current Google Cloud CLI version is: 509.0.0

2025-02-05 14:20:47,358 INFO     ___FILE_ONLY___ Installing components from version: 509.0.0

2025-02-05 14:20:47,358 INFO     ___FILE_ONLY___ 

2025-02-05 14:20:47,358 DEBUG    root            Chosen display Format:table[box,title="These components will be removed."](details.display_name:label=Name:align=left,version.version_string:label=Version:align=right,data.size.size(zero="",min=1048576):label=Size:align=right)
2025-02-05 14:20:47,359 DEBUG    root            Chosen display Format:table[box,title="These components will be updated."](details.display_name:label=Name:align=left,version.version_string:label=Version:align=right,data.size.size(zero="",min=1048576):label=Size:align=right)
2025-02-05 14:20:47,359 DEBUG    root            Chosen display Format:table[box,title="These components will be installed."](details.display_name:label=Name:align=left,version.version_string:label=Version:align=right,data.size.size(zero="",min=1048576):label=Size:align=right)
2025-02-05 14:20:47,373 INFO     ___FILE_ONLY___ ┌────────────────────────────────────────────────┐
2025-02-05 14:20:47,373 INFO     ___FILE_ONLY___ 

2025-02-05 14:20:47,373 INFO     ___FILE_ONLY___ │      These components will be installed.       │
2025-02-05 14:20:47,373 INFO     ___FILE_ONLY___ 

2025-02-05 14:20:47,373 INFO     ___FILE_ONLY___ ├─────────────────────────┬────────────┬─────────┤
2025-02-05 14:20:47,373 INFO     ___FILE_ONLY___ 

2025-02-05 14:20:47,374 INFO     ___FILE_ONLY___ │           Name          │  Version   │   Size  │
2025-02-05 14:20:47,374 INFO     ___FILE_ONLY___ 

2025-02-05 14:20:47,374 INFO     ___FILE_ONLY___ ├─────────────────────────┼────────────┼─────────┤
2025-02-05 14:20:47,374 INFO     ___FILE_ONLY___ 

2025-02-05 14:20:47,374 INFO     ___FILE_ONLY___ │ 
2025-02-05 14:20:47,374 INFO     ___FILE_ONLY___ gcloud Alpha Commands  
2025-02-05 14:20:47,374 INFO     ___FILE_ONLY___  
2025-02-05 14:20:47,374 INFO     ___FILE_ONLY___ │ 
2025-02-05 14:20:47,374 INFO     ___FILE_ONLY___ 2025.01.31
2025-02-05 14:20:47,374 INFO     ___FILE_ONLY___  
2025-02-05 14:20:47,374 INFO     ___FILE_ONLY___ │ 
2025-02-05 14:20:47,374 INFO     ___FILE_ONLY___ < 1 MiB
2025-02-05 14:20:47,374 INFO     ___FILE_ONLY___  
2025-02-05 14:20:47,374 INFO     ___FILE_ONLY___ │
2025-02-05 14:20:47,374 INFO     ___FILE_ONLY___ 

2025-02-05 14:20:47,375 INFO     ___FILE_ONLY___ │ 
2025-02-05 14:20:47,375 INFO     ___FILE_ONLY___ gcloud Beta Commands   
2025-02-05 14:20:47,375 INFO     ___FILE_ONLY___  
2025-02-05 14:20:47,375 INFO     ___FILE_ONLY___ │ 
2025-02-05 14:20:47,375 INFO     ___FILE_ONLY___ 2025.01.31
2025-02-05 14:20:47,375 INFO     ___FILE_ONLY___  
2025-02-05 14:20:47,375 INFO     ___FILE_ONLY___ │ 
2025-02-05 14:20:47,375 INFO     ___FILE_ONLY___ < 1 MiB
2025-02-05 14:20:47,375 INFO     ___FILE_ONLY___  
2025-02-05 14:20:47,375 INFO     ___FILE_ONLY___ │
2025-02-05 14:20:47,375 INFO     ___FILE_ONLY___ 

2025-02-05 14:20:47,375 INFO     ___FILE_ONLY___ │ 
2025-02-05 14:20:47,375 INFO     ___FILE_ONLY___ gcloud Preview Commands
2025-02-05 14:20:47,375 INFO     ___FILE_ONLY___  
2025-02-05 14:20:47,376 INFO     ___FILE_ONLY___ │ 
2025-02-05 14:20:47,376 INFO     ___FILE_ONLY___           
2025-02-05 14:20:47,376 INFO     ___FILE_ONLY___  
2025-02-05 14:20:47,376 INFO     ___FILE_ONLY___ │ 
2025-02-05 14:20:47,376 INFO     ___FILE_ONLY___ < 1 MiB
2025-02-05 14:20:47,376 INFO     ___FILE_ONLY___  
2025-02-05 14:20:47,376 INFO     ___FILE_ONLY___ │
2025-02-05 14:20:47,376 INFO     ___FILE_ONLY___ 

2025-02-05 14:20:47,376 INFO     ___FILE_ONLY___ └─────────────────────────┴────────────┴─────────┘
2025-02-05 14:20:47,376 INFO     ___FILE_ONLY___ 

2025-02-05 14:20:47,376 INFO     ___FILE_ONLY___ 

2025-02-05 14:20:47,379 DEBUG    urllib3.connectionpool Starting new HTTPS connection (1): dl.google.com:443
2025-02-05 14:20:47,504 DEBUG    urllib3.connectionpool https://dl.google.com:443 "GET /dl/cloudsdk/channels/rapid/RELEASE_NOTES HTTP/11" 200 1351399
2025-02-05 14:20:47,958 INFO     ___FILE_ONLY___ For the latest full release notes, please visit:
  https://cloud.google.com/sdk/release_notes


2025-02-05 14:20:47,958 INFO     ___FILE_ONLY___ Performing in place update...


2025-02-05 14:20:47,960 INFO     ___FILE_ONLY___ ╔════════════════════════════════════════════════════════════╗

2025-02-05 14:20:47,960 INFO     ___FILE_ONLY___ ╠═ Downloading: gcloud Alpha Commands                       ═╣

2025-02-05 14:20:47,961 INFO     ___FILE_ONLY___ ╚
2025-02-05 14:20:47,964 DEBUG    urllib3.connectionpool Starting new HTTPS connection (1): dl.google.com:443
2025-02-05 14:20:47,998 DEBUG    urllib3.connectionpool https://dl.google.com:443 "GET /dl/cloudsdk/channels/rapid/components/google-cloud-sdk-alpha-20250131143518.tar.gz HTTP/11" 200 800
2025-02-05 14:20:47,999 INFO     ___FILE_ONLY___ ════════════════════════════════════════════════════════════
2025-02-05 14:20:47,999 INFO     ___FILE_ONLY___ ╝

2025-02-05 14:20:48,001 INFO     ___FILE_ONLY___ ╔════════════════════════════════════════════════════════════╗

2025-02-05 14:20:48,001 INFO     ___FILE_ONLY___ ╠═ Downloading: gcloud Beta Commands                        ═╣

2025-02-05 14:20:48,001 INFO     ___FILE_ONLY___ ╚
2025-02-05 14:20:48,004 DEBUG    urllib3.connectionpool Starting new HTTPS connection (1): dl.google.com:443
2025-02-05 14:20:48,130 DEBUG    urllib3.connectionpool https://dl.google.com:443 "GET /dl/cloudsdk/channels/rapid/components/google-cloud-sdk-beta-20250131143518.tar.gz HTTP/11" 200 797
2025-02-05 14:20:48,131 INFO     ___FILE_ONLY___ ════════════════════════════════════════════════════════════
2025-02-05 14:20:48,131 INFO     ___FILE_ONLY___ ╝

2025-02-05 14:20:48,133 INFO     ___FILE_ONLY___ ╔════════════════════════════════════════════════════════════╗

2025-02-05 14:20:48,133 INFO     ___FILE_ONLY___ ╠═ Downloading: gcloud Preview Commands                     ═╣

2025-02-05 14:20:48,133 INFO     ___FILE_ONLY___ ╚
2025-02-05 14:20:48,136 DEBUG    urllib3.connectionpool Starting new HTTPS connection (1): dl.google.com:443
2025-02-05 14:20:48,351 DEBUG    urllib3.connectionpool https://dl.google.com:443 "GET /dl/cloudsdk/channels/rapid/components/google-cloud-sdk-preview-20241115154308.tar.gz HTTP/11" 200 823
2025-02-05 14:20:48,352 INFO     ___FILE_ONLY___ ════════════════════════════════════════════════════════════
2025-02-05 14:20:48,352 INFO     ___FILE_ONLY___ ╝

2025-02-05 14:20:48,354 INFO     ___FILE_ONLY___ ╔════════════════════════════════════════════════════════════╗

2025-02-05 14:20:48,354 INFO     ___FILE_ONLY___ ╠═ Installing: gcloud Alpha Commands                        ═╣

2025-02-05 14:20:48,354 INFO     ___FILE_ONLY___ ╚
2025-02-05 14:20:48,355 INFO     ___FILE_ONLY___ ════════════════════════════════════════════════════════════
2025-02-05 14:20:48,355 INFO     ___FILE_ONLY___ ╝

2025-02-05 14:20:48,361 INFO     ___FILE_ONLY___ ╔════════════════════════════════════════════════════════════╗

2025-02-05 14:20:48,361 INFO     ___FILE_ONLY___ ╠═ Installing: gcloud Beta Commands                         ═╣

2025-02-05 14:20:48,361 INFO     ___FILE_ONLY___ ╚
2025-02-05 14:20:48,362 INFO     ___FILE_ONLY___ ════════════════════════════════════════════════════════════
2025-02-05 14:20:48,362 INFO     ___FILE_ONLY___ ╝

2025-02-05 14:20:48,367 INFO     ___FILE_ONLY___ ╔════════════════════════════════════════════════════════════╗

2025-02-05 14:20:48,367 INFO     ___FILE_ONLY___ ╠═ Installing: gcloud Preview Commands                      ═╣

2025-02-05 14:20:48,367 INFO     ___FILE_ONLY___ ╚
2025-02-05 14:20:48,368 INFO     ___FILE_ONLY___ ════════════════════════════════════════════════════════════
2025-02-05 14:20:48,368 INFO     ___FILE_ONLY___ ╝

2025-02-05 14:20:48,373 DEBUG    root            Updating notification cache...
2025-02-05 14:20:48,373 INFO     ___FILE_ONLY___ 

2025-02-05 14:20:48,375 INFO     ___FILE_ONLY___ Performing post processing steps...
2025-02-05 14:20:48,375 DEBUG    root            Executing command: ['/tools/google-cloud-sdk/bin/gcloud', 'components', 'post-process']
2025-02-05 14:20:56,316 DEBUG    ___FILE_ONLY___ 
2025-02-05 14:20:56,316 DEBUG    ___FILE_ONLY___ 
2025-02-05 14:20:56,389 INFO     ___FILE_ONLY___ 
Update done!


2025-02-05 14:20:56,391 DEBUG    root            Chosen display Format:none
2025-02-05 14:20:56,391 INFO     root            Display format: "none"
