2025-02-05 14:20:28,503 DEBUG    root            Loaded Command Group: ['gcloud', 'components']
2025-02-05 14:20:28,507 DEBUG    root            Loaded Command Group: ['gcloud', 'components', 'update']
2025-02-05 14:20:28,509 DEBUG    root            Running [gcloud.components.update] with arguments: [--compile-python: "True", --quiet: "True", COMPONENT-IDS:6: "['core', 'gcloud-deps', 'bq', 'gcloud', 'gcloud-crc32c', 'gsutil']"]
2025-02-05 14:20:28,510 INFO     ___FILE_ONLY___ Beginning update. This process may take several minutes.

2025-02-05 14:20:28,561 DEBUG    urllib3.connectionpool Starting new HTTPS connection (1): dl.google.com:443
2025-02-05 14:20:28,657 DEBUG    urllib3.connectionpool https://dl.google.com:443 "GET /dl/cloudsdk/channels/rapid/components-2.json HTTP/11" 200 227832
2025-02-05 14:20:28,669 INFO     ___FILE_ONLY___ 

2025-02-05 14:20:28,669 INFO     ___FILE_ONLY___ 
Your current Google Cloud CLI version is: 509.0.0

2025-02-05 14:20:28,669 INFO     ___FILE_ONLY___ Installing components from version: 509.0.0

2025-02-05 14:20:28,669 INFO     ___FILE_ONLY___ 

2025-02-05 14:20:28,670 DEBUG    root            Chosen display Format:table[box,title="These components will be removed."](details.display_name:label=Name:align=left,version.version_string:label=Version:align=right,data.size.size(zero="",min=1048576):label=Size:align=right)
2025-02-05 14:20:28,670 DEBUG    root            Chosen display Format:table[box,title="These components will be updated."](details.display_name:label=Name:align=left,version.version_string:label=Version:align=right,data.size.size(zero="",min=1048576):label=Size:align=right)
2025-02-05 14:20:28,671 DEBUG    root            Chosen display Format:table[box,title="These components will be installed."](details.display_name:label=Name:align=left,version.version_string:label=Version:align=right,data.size.size(zero="",min=1048576):label=Size:align=right)
2025-02-05 14:20:28,705 INFO     ___FILE_ONLY___ ┌─────────────────────────────────────────────────────────────────────────────┐
2025-02-05 14:20:28,705 INFO     ___FILE_ONLY___ 

2025-02-05 14:20:28,706 INFO     ___FILE_ONLY___ │                     These components will be installed.                     │
2025-02-05 14:20:28,706 INFO     ___FILE_ONLY___ 

2025-02-05 14:20:28,706 INFO     ___FILE_ONLY___ ├─────────────────────────────────────────────────────┬────────────┬──────────┤
2025-02-05 14:20:28,706 INFO     ___FILE_ONLY___ 

2025-02-05 14:20:28,706 INFO     ___FILE_ONLY___ │                         Name                        │  Version   │   Size   │
2025-02-05 14:20:28,706 INFO     ___FILE_ONLY___ 

2025-02-05 14:20:28,706 INFO     ___FILE_ONLY___ ├─────────────────────────────────────────────────────┼────────────┼──────────┤
2025-02-05 14:20:28,706 INFO     ___FILE_ONLY___ 

2025-02-05 14:20:28,706 INFO     ___FILE_ONLY___ │ 
2025-02-05 14:20:28,706 INFO     ___FILE_ONLY___ BigQuery Command Line Tool                         
2025-02-05 14:20:28,706 INFO     ___FILE_ONLY___  
2025-02-05 14:20:28,706 INFO     ___FILE_ONLY___ │ 
2025-02-05 14:20:28,706 INFO     ___FILE_ONLY___     2.1.12
2025-02-05 14:20:28,706 INFO     ___FILE_ONLY___  
2025-02-05 14:20:28,706 INFO     ___FILE_ONLY___ │ 
2025-02-05 14:20:28,706 INFO     ___FILE_ONLY___  1.8 MiB
2025-02-05 14:20:28,706 INFO     ___FILE_ONLY___  
2025-02-05 14:20:28,706 INFO     ___FILE_ONLY___ │
2025-02-05 14:20:28,706 INFO     ___FILE_ONLY___ 

2025-02-05 14:20:28,706 INFO     ___FILE_ONLY___ │ 
2025-02-05 14:20:28,707 INFO     ___FILE_ONLY___ BigQuery Command Line Tool (Platform Specific)     
2025-02-05 14:20:28,707 INFO     ___FILE_ONLY___  
2025-02-05 14:20:28,707 INFO     ___FILE_ONLY___ │ 
2025-02-05 14:20:28,707 INFO     ___FILE_ONLY___      2.1.8
2025-02-05 14:20:28,707 INFO     ___FILE_ONLY___  
2025-02-05 14:20:28,707 INFO     ___FILE_ONLY___ │ 
2025-02-05 14:20:28,707 INFO     ___FILE_ONLY___  < 1 MiB
2025-02-05 14:20:28,707 INFO     ___FILE_ONLY___  
2025-02-05 14:20:28,707 INFO     ___FILE_ONLY___ │
2025-02-05 14:20:28,707 INFO     ___FILE_ONLY___ 

2025-02-05 14:20:28,707 INFO     ___FILE_ONLY___ │ 
2025-02-05 14:20:28,707 INFO     ___FILE_ONLY___ Bundled Python 3.12 (Platform Specific)            
2025-02-05 14:20:28,707 INFO     ___FILE_ONLY___  
2025-02-05 14:20:28,707 INFO     ___FILE_ONLY___ │ 
2025-02-05 14:20:28,707 INFO     ___FILE_ONLY___     3.12.8
2025-02-05 14:20:28,707 INFO     ___FILE_ONLY___  
2025-02-05 14:20:28,707 INFO     ___FILE_ONLY___ │ 
2025-02-05 14:20:28,707 INFO     ___FILE_ONLY___ 89.2 MiB
2025-02-05 14:20:28,707 INFO     ___FILE_ONLY___  
2025-02-05 14:20:28,707 INFO     ___FILE_ONLY___ │
2025-02-05 14:20:28,707 INFO     ___FILE_ONLY___ 

2025-02-05 14:20:28,708 INFO     ___FILE_ONLY___ │ 
2025-02-05 14:20:28,708 INFO     ___FILE_ONLY___ Cloud Storage Command Line Tool                    
2025-02-05 14:20:28,708 INFO     ___FILE_ONLY___  
2025-02-05 14:20:28,708 INFO     ___FILE_ONLY___ │ 
2025-02-05 14:20:28,708 INFO     ___FILE_ONLY___       5.33
2025-02-05 14:20:28,708 INFO     ___FILE_ONLY___  
2025-02-05 14:20:28,708 INFO     ___FILE_ONLY___ │ 
2025-02-05 14:20:28,708 INFO     ___FILE_ONLY___ 11.8 MiB
2025-02-05 14:20:28,708 INFO     ___FILE_ONLY___  
2025-02-05 14:20:28,708 INFO     ___FILE_ONLY___ │
2025-02-05 14:20:28,708 INFO     ___FILE_ONLY___ 

2025-02-05 14:20:28,708 INFO     ___FILE_ONLY___ │ 
2025-02-05 14:20:28,708 INFO     ___FILE_ONLY___ Cloud Storage Command Line Tool (Platform Specific)
2025-02-05 14:20:28,708 INFO     ___FILE_ONLY___  
2025-02-05 14:20:28,708 INFO     ___FILE_ONLY___ │ 
2025-02-05 14:20:28,708 INFO     ___FILE_ONLY___       5.30
2025-02-05 14:20:28,708 INFO     ___FILE_ONLY___  
2025-02-05 14:20:28,708 INFO     ___FILE_ONLY___ │ 
2025-02-05 14:20:28,708 INFO     ___FILE_ONLY___  < 1 MiB
2025-02-05 14:20:28,708 INFO     ___FILE_ONLY___  
2025-02-05 14:20:28,708 INFO     ___FILE_ONLY___ │
2025-02-05 14:20:28,708 INFO     ___FILE_ONLY___ 

2025-02-05 14:20:28,709 INFO     ___FILE_ONLY___ │ 
2025-02-05 14:20:28,709 INFO     ___FILE_ONLY___ Google Cloud CLI Core Libraries (Platform Specific)
2025-02-05 14:20:28,709 INFO     ___FILE_ONLY___  
2025-02-05 14:20:28,709 INFO     ___FILE_ONLY___ │ 
2025-02-05 14:20:28,709 INFO     ___FILE_ONLY___ 2024.08.30
2025-02-05 14:20:28,709 INFO     ___FILE_ONLY___  
2025-02-05 14:20:28,709 INFO     ___FILE_ONLY___ │ 
2025-02-05 14:20:28,709 INFO     ___FILE_ONLY___  < 1 MiB
2025-02-05 14:20:28,709 INFO     ___FILE_ONLY___  
2025-02-05 14:20:28,709 INFO     ___FILE_ONLY___ │
2025-02-05 14:20:28,709 INFO     ___FILE_ONLY___ 

2025-02-05 14:20:28,709 INFO     ___FILE_ONLY___ │ 
2025-02-05 14:20:28,709 INFO     ___FILE_ONLY___ Google Cloud CRC32C Hash Tool (Platform Specific)  
2025-02-05 14:20:28,709 INFO     ___FILE_ONLY___  
2025-02-05 14:20:28,709 INFO     ___FILE_ONLY___ │ 
2025-02-05 14:20:28,709 INFO     ___FILE_ONLY___      1.0.0
2025-02-05 14:20:28,709 INFO     ___FILE_ONLY___  
2025-02-05 14:20:28,709 INFO     ___FILE_ONLY___ │ 
2025-02-05 14:20:28,709 INFO     ___FILE_ONLY___  1.4 MiB
2025-02-05 14:20:28,709 INFO     ___FILE_ONLY___  
2025-02-05 14:20:28,709 INFO     ___FILE_ONLY___ │
2025-02-05 14:20:28,710 INFO     ___FILE_ONLY___ 

2025-02-05 14:20:28,710 INFO     ___FILE_ONLY___ │ 
2025-02-05 14:20:28,710 INFO     ___FILE_ONLY___ gcloud cli dependencies (Platform Specific)        
2025-02-05 14:20:28,710 INFO     ___FILE_ONLY___  
2025-02-05 14:20:28,710 INFO     ___FILE_ONLY___ │ 
2025-02-05 14:20:28,710 INFO     ___FILE_ONLY___ 2021.04.16
2025-02-05 14:20:28,710 INFO     ___FILE_ONLY___  
2025-02-05 14:20:28,710 INFO     ___FILE_ONLY___ │ 
2025-02-05 14:20:28,710 INFO     ___FILE_ONLY___  < 1 MiB
2025-02-05 14:20:28,710 INFO     ___FILE_ONLY___  
2025-02-05 14:20:28,710 INFO     ___FILE_ONLY___ │
2025-02-05 14:20:28,710 INFO     ___FILE_ONLY___ 

2025-02-05 14:20:28,710 INFO     ___FILE_ONLY___ └─────────────────────────────────────────────────────┴────────────┴──────────┘
2025-02-05 14:20:28,710 INFO     ___FILE_ONLY___ 

2025-02-05 14:20:28,710 INFO     ___FILE_ONLY___ 

2025-02-05 14:20:28,713 DEBUG    urllib3.connectionpool Starting new HTTPS connection (1): dl.google.com:443
2025-02-05 14:20:28,811 DEBUG    urllib3.connectionpool https://dl.google.com:443 "GET /dl/cloudsdk/channels/rapid/RELEASE_NOTES HTTP/11" 200 1351399
2025-02-05 14:20:29,262 INFO     ___FILE_ONLY___ For the latest full release notes, please visit:
  https://cloud.google.com/sdk/release_notes


2025-02-05 14:20:29,263 INFO     ___FILE_ONLY___ Performing in place update...


2025-02-05 14:20:29,265 INFO     ___FILE_ONLY___ ╔════════════════════════════════════════════════════════════╗

2025-02-05 14:20:29,265 INFO     ___FILE_ONLY___ ╠═ Downloading: BigQuery Command Line Tool                  ═╣

2025-02-05 14:20:29,265 INFO     ___FILE_ONLY___ ╚
2025-02-05 14:20:29,268 DEBUG    urllib3.connectionpool Starting new HTTPS connection (1): dl.google.com:443
2025-02-05 14:20:29,397 DEBUG    urllib3.connectionpool https://dl.google.com:443 "GET /dl/cloudsdk/channels/rapid/components/google-cloud-sdk-bq-20250117151628.tar.gz HTTP/11" 200 1853621
2025-02-05 14:20:29,410 INFO     ___FILE_ONLY___ ═
2025-02-05 14:20:29,410 INFO     ___FILE_ONLY___ ═
2025-02-05 14:20:29,410 INFO     ___FILE_ONLY___ ═
2025-02-05 14:20:29,410 INFO     ___FILE_ONLY___ ═
2025-02-05 14:20:29,410 INFO     ___FILE_ONLY___ ═
2025-02-05 14:20:29,410 INFO     ___FILE_ONLY___ ═
2025-02-05 14:20:29,410 INFO     ___FILE_ONLY___ ═
2025-02-05 14:20:29,410 INFO     ___FILE_ONLY___ ═
2025-02-05 14:20:29,410 INFO     ___FILE_ONLY___ ═
2025-02-05 14:20:29,410 INFO     ___FILE_ONLY___ ═
2025-02-05 14:20:29,411 INFO     ___FILE_ONLY___ ═
2025-02-05 14:20:29,411 INFO     ___FILE_ONLY___ ═
2025-02-05 14:20:29,411 INFO     ___FILE_ONLY___ ═
2025-02-05 14:20:29,411 INFO     ___FILE_ONLY___ ═
2025-02-05 14:20:29,411 INFO     ___FILE_ONLY___ ═
2025-02-05 14:20:29,411 INFO     ___FILE_ONLY___ ═
2025-02-05 14:20:29,411 INFO     ___FILE_ONLY___ ═
2025-02-05 14:20:29,411 INFO     ___FILE_ONLY___ ═
2025-02-05 14:20:29,411 INFO     ___FILE_ONLY___ ═
2025-02-05 14:20:29,411 INFO     ___FILE_ONLY___ ═
2025-02-05 14:20:29,411 INFO     ___FILE_ONLY___ ═
2025-02-05 14:20:29,411 INFO     ___FILE_ONLY___ ═
2025-02-05 14:20:29,412 INFO     ___FILE_ONLY___ ═
2025-02-05 14:20:29,412 INFO     ___FILE_ONLY___ ═
2025-02-05 14:20:29,412 INFO     ___FILE_ONLY___ ═
2025-02-05 14:20:29,412 INFO     ___FILE_ONLY___ ═
2025-02-05 14:20:29,412 INFO     ___FILE_ONLY___ ═
2025-02-05 14:20:29,412 INFO     ___FILE_ONLY___ ═
2025-02-05 14:20:29,412 INFO     ___FILE_ONLY___ ═
2025-02-05 14:20:29,412 INFO     ___FILE_ONLY___ ═
2025-02-05 14:20:29,412 INFO     ___FILE_ONLY___ ═
2025-02-05 14:20:29,412 INFO     ___FILE_ONLY___ ═
2025-02-05 14:20:29,412 INFO     ___FILE_ONLY___ ═
2025-02-05 14:20:29,413 INFO     ___FILE_ONLY___ ═
2025-02-05 14:20:29,413 INFO     ___FILE_ONLY___ ═
2025-02-05 14:20:29,413 INFO     ___FILE_ONLY___ ═
2025-02-05 14:20:29,413 INFO     ___FILE_ONLY___ ═
2025-02-05 14:20:29,413 INFO     ___FILE_ONLY___ ═
2025-02-05 14:20:29,413 INFO     ___FILE_ONLY___ ═
2025-02-05 14:20:29,413 INFO     ___FILE_ONLY___ ═
2025-02-05 14:20:29,413 INFO     ___FILE_ONLY___ ═
2025-02-05 14:20:29,413 INFO     ___FILE_ONLY___ ═
2025-02-05 14:20:29,413 INFO     ___FILE_ONLY___ ═
2025-02-05 14:20:29,413 INFO     ___FILE_ONLY___ ═
2025-02-05 14:20:29,413 INFO     ___FILE_ONLY___ ═
2025-02-05 14:20:29,414 INFO     ___FILE_ONLY___ ═
2025-02-05 14:20:29,414 INFO     ___FILE_ONLY___ ═
2025-02-05 14:20:29,414 INFO     ___FILE_ONLY___ ═
2025-02-05 14:20:29,414 INFO     ___FILE_ONLY___ ═
2025-02-05 14:20:29,414 INFO     ___FILE_ONLY___ ═
2025-02-05 14:20:29,414 INFO     ___FILE_ONLY___ ═
2025-02-05 14:20:29,414 INFO     ___FILE_ONLY___ ═
2025-02-05 14:20:29,414 INFO     ___FILE_ONLY___ ═
2025-02-05 14:20:29,414 INFO     ___FILE_ONLY___ ═
2025-02-05 14:20:29,414 INFO     ___FILE_ONLY___ ═
2025-02-05 14:20:29,414 INFO     ___FILE_ONLY___ ═
2025-02-05 14:20:29,414 INFO     ___FILE_ONLY___ ═
2025-02-05 14:20:29,414 INFO     ___FILE_ONLY___ ═
2025-02-05 14:20:29,415 INFO     ___FILE_ONLY___ ═
2025-02-05 14:20:29,415 INFO     ___FILE_ONLY___ ═
2025-02-05 14:20:29,415 INFO     ___FILE_ONLY___ ╝

2025-02-05 14:20:29,417 INFO     ___FILE_ONLY___ ╔════════════════════════════════════════════════════════════╗

2025-02-05 14:20:29,417 INFO     ___FILE_ONLY___ ╠═ Downloading: BigQuery Command Line Tool (Platform Spe... ═╣

2025-02-05 14:20:29,417 INFO     ___FILE_ONLY___ ╚
2025-02-05 14:20:29,420 DEBUG    urllib3.connectionpool Starting new HTTPS connection (1): dl.google.com:443
2025-02-05 14:20:29,571 DEBUG    urllib3.connectionpool https://dl.google.com:443 "GET /dl/cloudsdk/channels/rapid/components/google-cloud-sdk-bq-nix-20240830134514.tar.gz HTTP/11" 200 1914
2025-02-05 14:20:29,572 INFO     ___FILE_ONLY___ ════════════════════════════════════════════════════════════
2025-02-05 14:20:29,572 INFO     ___FILE_ONLY___ ╝

2025-02-05 14:20:29,574 INFO     ___FILE_ONLY___ ╔════════════════════════════════════════════════════════════╗

2025-02-05 14:20:29,575 INFO     ___FILE_ONLY___ ╠═ Downloading: Bundled Python 3.12                         ═╣

2025-02-05 14:20:29,575 INFO     ___FILE_ONLY___ ╚
2025-02-05 14:20:29,575 INFO     ___FILE_ONLY___ ════════════════════════════════════════════════════════════
2025-02-05 14:20:29,575 INFO     ___FILE_ONLY___ ╝

2025-02-05 14:20:29,577 INFO     ___FILE_ONLY___ ╔════════════════════════════════════════════════════════════╗

2025-02-05 14:20:29,577 INFO     ___FILE_ONLY___ ╠═ Downloading: Bundled Python 3.12 (Platform Specific)     ═╣

2025-02-05 14:20:29,577 INFO     ___FILE_ONLY___ ╚
2025-02-05 14:20:29,581 DEBUG    urllib3.connectionpool Starting new HTTPS connection (1): dl.google.com:443
2025-02-05 14:20:29,696 DEBUG    urllib3.connectionpool https://dl.google.com:443 "GET /dl/cloudsdk/channels/rapid/components/google-cloud-sdk-bundled-python3-unix-linux-x86_64-20250131143518.tar.gz HTTP/11" 200 93520256
2025-02-05 14:20:30,081 INFO     ___FILE_ONLY___ ═
2025-02-05 14:20:30,083 INFO     ___FILE_ONLY___ ═
2025-02-05 14:20:30,085 INFO     ___FILE_ONLY___ ═
2025-02-05 14:20:30,087 INFO     ___FILE_ONLY___ ═
2025-02-05 14:20:30,088 INFO     ___FILE_ONLY___ ═
2025-02-05 14:20:30,090 INFO     ___FILE_ONLY___ ═
2025-02-05 14:20:30,091 INFO     ___FILE_ONLY___ ═
2025-02-05 14:20:30,093 INFO     ___FILE_ONLY___ ═
2025-02-05 14:20:30,095 INFO     ___FILE_ONLY___ ═
2025-02-05 14:20:30,097 INFO     ___FILE_ONLY___ ═
2025-02-05 14:20:30,098 INFO     ___FILE_ONLY___ ═
2025-02-05 14:20:30,100 INFO     ___FILE_ONLY___ ═
2025-02-05 14:20:30,101 INFO     ___FILE_ONLY___ ═
2025-02-05 14:20:30,103 INFO     ___FILE_ONLY___ ═
2025-02-05 14:20:30,105 INFO     ___FILE_ONLY___ ═
2025-02-05 14:20:30,106 INFO     ___FILE_ONLY___ ═
2025-02-05 14:20:30,108 INFO     ___FILE_ONLY___ ═
2025-02-05 14:20:30,110 INFO     ___FILE_ONLY___ ═
2025-02-05 14:20:30,111 INFO     ___FILE_ONLY___ ═
2025-02-05 14:20:30,113 INFO     ___FILE_ONLY___ ═
2025-02-05 14:20:30,115 INFO     ___FILE_ONLY___ ═
2025-02-05 14:20:30,116 INFO     ___FILE_ONLY___ ═
2025-02-05 14:20:30,118 INFO     ___FILE_ONLY___ ═
2025-02-05 14:20:30,120 INFO     ___FILE_ONLY___ ═
2025-02-05 14:20:30,121 INFO     ___FILE_ONLY___ ═
2025-02-05 14:20:30,123 INFO     ___FILE_ONLY___ ═
2025-02-05 14:20:30,124 INFO     ___FILE_ONLY___ ═
2025-02-05 14:20:30,126 INFO     ___FILE_ONLY___ ═
2025-02-05 14:20:30,128 INFO     ___FILE_ONLY___ ═
2025-02-05 14:20:30,129 INFO     ___FILE_ONLY___ ═
2025-02-05 14:20:30,131 INFO     ___FILE_ONLY___ ═
2025-02-05 14:20:30,133 INFO     ___FILE_ONLY___ ═
2025-02-05 14:20:30,134 INFO     ___FILE_ONLY___ ═
2025-02-05 14:20:30,136 INFO     ___FILE_ONLY___ ═
2025-02-05 14:20:30,137 INFO     ___FILE_ONLY___ ═
2025-02-05 14:20:30,139 INFO     ___FILE_ONLY___ ═
2025-02-05 14:20:30,141 INFO     ___FILE_ONLY___ ═
2025-02-05 14:20:30,142 INFO     ___FILE_ONLY___ ═
2025-02-05 14:20:30,144 INFO     ___FILE_ONLY___ ═
2025-02-05 14:20:30,146 INFO     ___FILE_ONLY___ ═
2025-02-05 14:20:30,147 INFO     ___FILE_ONLY___ ═
2025-02-05 14:20:30,149 INFO     ___FILE_ONLY___ ═
2025-02-05 14:20:30,151 INFO     ___FILE_ONLY___ ═
2025-02-05 14:20:30,152 INFO     ___FILE_ONLY___ ═
2025-02-05 14:20:30,154 INFO     ___FILE_ONLY___ ═
2025-02-05 14:20:30,155 INFO     ___FILE_ONLY___ ═
2025-02-05 14:20:30,157 INFO     ___FILE_ONLY___ ═
2025-02-05 14:20:30,159 INFO     ___FILE_ONLY___ ═
2025-02-05 14:20:30,161 INFO     ___FILE_ONLY___ ═
2025-02-05 14:20:30,162 INFO     ___FILE_ONLY___ ═
2025-02-05 14:20:30,164 INFO     ___FILE_ONLY___ ═
2025-02-05 14:20:30,165 INFO     ___FILE_ONLY___ ═
2025-02-05 14:20:30,167 INFO     ___FILE_ONLY___ ═
2025-02-05 14:20:30,169 INFO     ___FILE_ONLY___ ═
2025-02-05 14:20:30,170 INFO     ___FILE_ONLY___ ═
2025-02-05 14:20:30,172 INFO     ___FILE_ONLY___ ═
2025-02-05 14:20:30,174 INFO     ___FILE_ONLY___ ═
2025-02-05 14:20:30,175 INFO     ___FILE_ONLY___ ═
2025-02-05 14:20:30,177 INFO     ___FILE_ONLY___ ═
2025-02-05 14:20:30,179 INFO     ___FILE_ONLY___ ═
2025-02-05 14:20:30,179 INFO     ___FILE_ONLY___ ╝

2025-02-05 14:20:30,185 INFO     ___FILE_ONLY___ ╔════════════════════════════════════════════════════════════╗

2025-02-05 14:20:30,185 INFO     ___FILE_ONLY___ ╠═ Downloading: Cloud Storage Command Line Tool             ═╣

2025-02-05 14:20:30,185 INFO     ___FILE_ONLY___ ╚
2025-02-05 14:20:30,188 DEBUG    urllib3.connectionpool Starting new HTTPS connection (1): dl.google.com:443
2025-02-05 14:20:30,315 DEBUG    urllib3.connectionpool https://dl.google.com:443 "GET /dl/cloudsdk/channels/rapid/components/google-cloud-sdk-gsutil-20241213184646.tar.gz HTTP/11" 200 12368759
2025-02-05 14:20:30,361 INFO     ___FILE_ONLY___ ═
2025-02-05 14:20:30,361 INFO     ___FILE_ONLY___ ═
2025-02-05 14:20:30,361 INFO     ___FILE_ONLY___ ═
2025-02-05 14:20:30,361 INFO     ___FILE_ONLY___ ═
2025-02-05 14:20:30,362 INFO     ___FILE_ONLY___ ═
2025-02-05 14:20:30,362 INFO     ___FILE_ONLY___ ═
2025-02-05 14:20:30,362 INFO     ___FILE_ONLY___ ═
2025-02-05 14:20:30,362 INFO     ___FILE_ONLY___ ═
2025-02-05 14:20:30,363 INFO     ___FILE_ONLY___ ═
2025-02-05 14:20:30,363 INFO     ___FILE_ONLY___ ═
2025-02-05 14:20:30,363 INFO     ___FILE_ONLY___ ═
2025-02-05 14:20:30,363 INFO     ___FILE_ONLY___ ═
2025-02-05 14:20:30,364 INFO     ___FILE_ONLY___ ═
2025-02-05 14:20:30,364 INFO     ___FILE_ONLY___ ═
2025-02-05 14:20:30,364 INFO     ___FILE_ONLY___ ═
2025-02-05 14:20:30,364 INFO     ___FILE_ONLY___ ═
2025-02-05 14:20:30,365 INFO     ___FILE_ONLY___ ═
2025-02-05 14:20:30,365 INFO     ___FILE_ONLY___ ═
2025-02-05 14:20:30,365 INFO     ___FILE_ONLY___ ═
2025-02-05 14:20:30,365 INFO     ___FILE_ONLY___ ═
2025-02-05 14:20:30,366 INFO     ___FILE_ONLY___ ═
2025-02-05 14:20:30,366 INFO     ___FILE_ONLY___ ═
2025-02-05 14:20:30,366 INFO     ___FILE_ONLY___ ═
2025-02-05 14:20:30,366 INFO     ___FILE_ONLY___ ═
2025-02-05 14:20:30,367 INFO     ___FILE_ONLY___ ═
2025-02-05 14:20:30,367 INFO     ___FILE_ONLY___ ═
2025-02-05 14:20:30,367 INFO     ___FILE_ONLY___ ═
2025-02-05 14:20:30,367 INFO     ___FILE_ONLY___ ═
2025-02-05 14:20:30,368 INFO     ___FILE_ONLY___ ═
2025-02-05 14:20:30,368 INFO     ___FILE_ONLY___ ═
2025-02-05 14:20:30,368 INFO     ___FILE_ONLY___ ═
2025-02-05 14:20:30,368 INFO     ___FILE_ONLY___ ═
2025-02-05 14:20:30,369 INFO     ___FILE_ONLY___ ═
2025-02-05 14:20:30,369 INFO     ___FILE_ONLY___ ═
2025-02-05 14:20:30,369 INFO     ___FILE_ONLY___ ═
2025-02-05 14:20:30,369 INFO     ___FILE_ONLY___ ═
2025-02-05 14:20:30,370 INFO     ___FILE_ONLY___ ═
2025-02-05 14:20:30,370 INFO     ___FILE_ONLY___ ═
2025-02-05 14:20:30,370 INFO     ___FILE_ONLY___ ═
2025-02-05 14:20:30,370 INFO     ___FILE_ONLY___ ═
2025-02-05 14:20:30,371 INFO     ___FILE_ONLY___ ═
2025-02-05 14:20:30,371 INFO     ___FILE_ONLY___ ═
2025-02-05 14:20:30,371 INFO     ___FILE_ONLY___ ═
2025-02-05 14:20:30,371 INFO     ___FILE_ONLY___ ═
2025-02-05 14:20:30,372 INFO     ___FILE_ONLY___ ═
2025-02-05 14:20:30,372 INFO     ___FILE_ONLY___ ═
2025-02-05 14:20:30,372 INFO     ___FILE_ONLY___ ═
2025-02-05 14:20:30,372 INFO     ___FILE_ONLY___ ═
2025-02-05 14:20:30,373 INFO     ___FILE_ONLY___ ═
2025-02-05 14:20:30,373 INFO     ___FILE_ONLY___ ═
2025-02-05 14:20:30,373 INFO     ___FILE_ONLY___ ═
2025-02-05 14:20:30,373 INFO     ___FILE_ONLY___ ═
2025-02-05 14:20:30,374 INFO     ___FILE_ONLY___ ═
2025-02-05 14:20:30,374 INFO     ___FILE_ONLY___ ═
2025-02-05 14:20:30,374 INFO     ___FILE_ONLY___ ═
2025-02-05 14:20:30,374 INFO     ___FILE_ONLY___ ═
2025-02-05 14:20:30,375 INFO     ___FILE_ONLY___ ═
2025-02-05 14:20:30,375 INFO     ___FILE_ONLY___ ═
2025-02-05 14:20:30,375 INFO     ___FILE_ONLY___ ═
2025-02-05 14:20:30,376 INFO     ___FILE_ONLY___ ═
2025-02-05 14:20:30,376 INFO     ___FILE_ONLY___ ╝

2025-02-05 14:20:30,378 INFO     ___FILE_ONLY___ ╔════════════════════════════════════════════════════════════╗

2025-02-05 14:20:30,378 INFO     ___FILE_ONLY___ ╠═ Downloading: Cloud Storage Command Line Tool (Platfor... ═╣

2025-02-05 14:20:30,378 INFO     ___FILE_ONLY___ ╚
2025-02-05 14:20:30,381 DEBUG    urllib3.connectionpool Starting new HTTPS connection (1): dl.google.com:443
2025-02-05 14:20:30,475 DEBUG    urllib3.connectionpool https://dl.google.com:443 "GET /dl/cloudsdk/channels/rapid/components/google-cloud-sdk-gsutil-nix-20240830134514.tar.gz HTTP/11" 200 1928
2025-02-05 14:20:30,475 INFO     ___FILE_ONLY___ ════════════════════════════════════════════════════════════
2025-02-05 14:20:30,475 INFO     ___FILE_ONLY___ ╝

2025-02-05 14:20:30,477 INFO     ___FILE_ONLY___ ╔════════════════════════════════════════════════════════════╗

2025-02-05 14:20:30,478 INFO     ___FILE_ONLY___ ╠═ Downloading: Default set of gcloud commands              ═╣

2025-02-05 14:20:30,478 INFO     ___FILE_ONLY___ ╚
2025-02-05 14:20:30,478 INFO     ___FILE_ONLY___ ════════════════════════════════════════════════════════════
2025-02-05 14:20:30,478 INFO     ___FILE_ONLY___ ╝

2025-02-05 14:20:30,479 INFO     ___FILE_ONLY___ ╔════════════════════════════════════════════════════════════╗

2025-02-05 14:20:30,479 INFO     ___FILE_ONLY___ ╠═ Downloading: Google Cloud CLI Core Libraries (Platfor... ═╣

2025-02-05 14:20:30,479 INFO     ___FILE_ONLY___ ╚
2025-02-05 14:20:30,482 DEBUG    urllib3.connectionpool Starting new HTTPS connection (1): dl.google.com:443
2025-02-05 14:20:30,567 DEBUG    urllib3.connectionpool https://dl.google.com:443 "GET /dl/cloudsdk/channels/rapid/components/google-cloud-sdk-core-nix-20240830134514.tar.gz HTTP/11" 200 2306
2025-02-05 14:20:30,568 INFO     ___FILE_ONLY___ ════════════════════════════════════════════════════════════
2025-02-05 14:20:30,568 INFO     ___FILE_ONLY___ ╝

2025-02-05 14:20:30,570 INFO     ___FILE_ONLY___ ╔════════════════════════════════════════════════════════════╗

2025-02-05 14:20:30,570 INFO     ___FILE_ONLY___ ╠═ Downloading: Google Cloud CRC32C Hash Tool               ═╣

2025-02-05 14:20:30,570 INFO     ___FILE_ONLY___ ╚
2025-02-05 14:20:30,570 INFO     ___FILE_ONLY___ ════════════════════════════════════════════════════════════
2025-02-05 14:20:30,570 INFO     ___FILE_ONLY___ ╝

2025-02-05 14:20:30,572 INFO     ___FILE_ONLY___ ╔════════════════════════════════════════════════════════════╗

2025-02-05 14:20:30,572 INFO     ___FILE_ONLY___ ╠═ Downloading: Google Cloud CRC32C Hash Tool (Platform ... ═╣

2025-02-05 14:20:30,572 INFO     ___FILE_ONLY___ ╚
2025-02-05 14:20:30,575 DEBUG    urllib3.connectionpool Starting new HTTPS connection (1): dl.google.com:443
2025-02-05 14:20:30,672 DEBUG    urllib3.connectionpool https://dl.google.com:443 "GET /dl/cloudsdk/channels/rapid/components/google-cloud-sdk-gcloud-crc32c-linux-x86_64-20250110133808.tar.gz HTTP/11" 200 1478989
2025-02-05 14:20:30,684 INFO     ___FILE_ONLY___ ═
2025-02-05 14:20:30,684 INFO     ___FILE_ONLY___ ═
2025-02-05 14:20:30,684 INFO     ___FILE_ONLY___ ═
2025-02-05 14:20:30,684 INFO     ___FILE_ONLY___ ═
2025-02-05 14:20:30,684 INFO     ___FILE_ONLY___ ═
2025-02-05 14:20:30,684 INFO     ___FILE_ONLY___ ═
2025-02-05 14:20:30,684 INFO     ___FILE_ONLY___ ═
2025-02-05 14:20:30,684 INFO     ___FILE_ONLY___ ═
2025-02-05 14:20:30,685 INFO     ___FILE_ONLY___ ═
2025-02-05 14:20:30,685 INFO     ___FILE_ONLY___ ═
2025-02-05 14:20:30,685 INFO     ___FILE_ONLY___ ═
2025-02-05 14:20:30,685 INFO     ___FILE_ONLY___ ═
2025-02-05 14:20:30,685 INFO     ___FILE_ONLY___ ═
2025-02-05 14:20:30,685 INFO     ___FILE_ONLY___ ═
2025-02-05 14:20:30,685 INFO     ___FILE_ONLY___ ═
2025-02-05 14:20:30,685 INFO     ___FILE_ONLY___ ═
2025-02-05 14:20:30,685 INFO     ___FILE_ONLY___ ═
2025-02-05 14:20:30,685 INFO     ___FILE_ONLY___ ═
2025-02-05 14:20:30,685 INFO     ___FILE_ONLY___ ═
2025-02-05 14:20:30,685 INFO     ___FILE_ONLY___ ═
2025-02-05 14:20:30,685 INFO     ___FILE_ONLY___ ═
2025-02-05 14:20:30,686 INFO     ___FILE_ONLY___ ═
2025-02-05 14:20:30,686 INFO     ___FILE_ONLY___ ═
2025-02-05 14:20:30,686 INFO     ___FILE_ONLY___ ═
2025-02-05 14:20:30,686 INFO     ___FILE_ONLY___ ═
2025-02-05 14:20:30,686 INFO     ___FILE_ONLY___ ═
2025-02-05 14:20:30,686 INFO     ___FILE_ONLY___ ═
2025-02-05 14:20:30,686 INFO     ___FILE_ONLY___ ═
2025-02-05 14:20:30,686 INFO     ___FILE_ONLY___ ═
2025-02-05 14:20:30,686 INFO     ___FILE_ONLY___ ═
2025-02-05 14:20:30,686 INFO     ___FILE_ONLY___ ═
2025-02-05 14:20:30,686 INFO     ___FILE_ONLY___ ═
2025-02-05 14:20:30,686 INFO     ___FILE_ONLY___ ═
2025-02-05 14:20:30,686 INFO     ___FILE_ONLY___ ═
2025-02-05 14:20:30,687 INFO     ___FILE_ONLY___ ═
2025-02-05 14:20:30,687 INFO     ___FILE_ONLY___ ═
2025-02-05 14:20:30,687 INFO     ___FILE_ONLY___ ═
2025-02-05 14:20:30,687 INFO     ___FILE_ONLY___ ═
2025-02-05 14:20:30,687 INFO     ___FILE_ONLY___ ═
2025-02-05 14:20:30,687 INFO     ___FILE_ONLY___ ═
2025-02-05 14:20:30,687 INFO     ___FILE_ONLY___ ═
2025-02-05 14:20:30,687 INFO     ___FILE_ONLY___ ═
2025-02-05 14:20:30,687 INFO     ___FILE_ONLY___ ═
2025-02-05 14:20:30,687 INFO     ___FILE_ONLY___ ═
2025-02-05 14:20:30,687 INFO     ___FILE_ONLY___ ═
2025-02-05 14:20:30,687 INFO     ___FILE_ONLY___ ═
2025-02-05 14:20:30,687 INFO     ___FILE_ONLY___ ═
2025-02-05 14:20:30,688 INFO     ___FILE_ONLY___ ═
2025-02-05 14:20:30,688 INFO     ___FILE_ONLY___ ═
2025-02-05 14:20:30,688 INFO     ___FILE_ONLY___ ═
2025-02-05 14:20:30,688 INFO     ___FILE_ONLY___ ═
2025-02-05 14:20:30,688 INFO     ___FILE_ONLY___ ═
2025-02-05 14:20:30,688 INFO     ___FILE_ONLY___ ═
2025-02-05 14:20:30,688 INFO     ___FILE_ONLY___ ═
2025-02-05 14:20:30,688 INFO     ___FILE_ONLY___ ═
2025-02-05 14:20:30,688 INFO     ___FILE_ONLY___ ═
2025-02-05 14:20:30,688 INFO     ___FILE_ONLY___ ═
2025-02-05 14:20:30,688 INFO     ___FILE_ONLY___ ═
2025-02-05 14:20:30,688 INFO     ___FILE_ONLY___ ═
2025-02-05 14:20:30,688 INFO     ___FILE_ONLY___ ═
2025-02-05 14:20:30,689 INFO     ___FILE_ONLY___ ╝

2025-02-05 14:20:30,690 INFO     ___FILE_ONLY___ ╔════════════════════════════════════════════════════════════╗

2025-02-05 14:20:30,691 INFO     ___FILE_ONLY___ ╠═ Downloading: gcloud cli dependencies (Platform Specific) ═╣

2025-02-05 14:20:30,691 INFO     ___FILE_ONLY___ ╚
2025-02-05 14:20:30,695 DEBUG    urllib3.connectionpool Starting new HTTPS connection (1): dl.google.com:443
2025-02-05 14:20:30,821 DEBUG    urllib3.connectionpool https://dl.google.com:443 "GET /dl/cloudsdk/channels/rapid/components/google-cloud-sdk-gcloud-deps-linux-x86_64-20210416153011.tar.gz HTTP/11" 200 104
2025-02-05 14:20:30,822 INFO     ___FILE_ONLY___ ════════════════════════════════════════════════════════════
2025-02-05 14:20:30,822 INFO     ___FILE_ONLY___ ╝

2025-02-05 14:20:30,823 INFO     ___FILE_ONLY___ ╔════════════════════════════════════════════════════════════╗

2025-02-05 14:20:30,824 INFO     ___FILE_ONLY___ ╠═ Installing: BigQuery Command Line Tool                   ═╣

2025-02-05 14:20:30,824 INFO     ___FILE_ONLY___ ╚
2025-02-05 14:20:30,915 INFO     ___FILE_ONLY___ ═
2025-02-05 14:20:30,918 INFO     ___FILE_ONLY___ ═
2025-02-05 14:20:30,920 INFO     ___FILE_ONLY___ ═
2025-02-05 14:20:30,922 INFO     ___FILE_ONLY___ ═
2025-02-05 14:20:30,924 INFO     ___FILE_ONLY___ ═
2025-02-05 14:20:30,927 INFO     ___FILE_ONLY___ ═
2025-02-05 14:20:30,929 INFO     ___FILE_ONLY___ ═
2025-02-05 14:20:30,931 INFO     ___FILE_ONLY___ ═
2025-02-05 14:20:30,933 INFO     ___FILE_ONLY___ ═
2025-02-05 14:20:30,935 INFO     ___FILE_ONLY___ ═
2025-02-05 14:20:30,937 INFO     ___FILE_ONLY___ ═
2025-02-05 14:20:30,939 INFO     ___FILE_ONLY___ ═
2025-02-05 14:20:30,941 INFO     ___FILE_ONLY___ ═
2025-02-05 14:20:30,943 INFO     ___FILE_ONLY___ ═
2025-02-05 14:20:30,945 INFO     ___FILE_ONLY___ ═
2025-02-05 14:20:30,947 INFO     ___FILE_ONLY___ ═
2025-02-05 14:20:30,949 INFO     ___FILE_ONLY___ ═
2025-02-05 14:20:30,952 INFO     ___FILE_ONLY___ ═
2025-02-05 14:20:30,954 INFO     ___FILE_ONLY___ ═
2025-02-05 14:20:30,956 INFO     ___FILE_ONLY___ ═
2025-02-05 14:20:30,958 INFO     ___FILE_ONLY___ ═
2025-02-05 14:20:30,960 INFO     ___FILE_ONLY___ ═
2025-02-05 14:20:30,962 INFO     ___FILE_ONLY___ ═
2025-02-05 14:20:30,964 INFO     ___FILE_ONLY___ ═
2025-02-05 14:20:30,966 INFO     ___FILE_ONLY___ ═
2025-02-05 14:20:30,967 INFO     ___FILE_ONLY___ ═
2025-02-05 14:20:30,969 INFO     ___FILE_ONLY___ ═
2025-02-05 14:20:30,972 INFO     ___FILE_ONLY___ ═
2025-02-05 14:20:30,975 INFO     ___FILE_ONLY___ ═
2025-02-05 14:20:30,977 INFO     ___FILE_ONLY___ ═
2025-02-05 14:20:30,979 INFO     ___FILE_ONLY___ ═
2025-02-05 14:20:30,981 INFO     ___FILE_ONLY___ ═
2025-02-05 14:20:30,984 INFO     ___FILE_ONLY___ ═
2025-02-05 14:20:30,987 INFO     ___FILE_ONLY___ ═
2025-02-05 14:20:30,997 INFO     ___FILE_ONLY___ ═
2025-02-05 14:20:30,998 INFO     ___FILE_ONLY___ ═
2025-02-05 14:20:31,000 INFO     ___FILE_ONLY___ ═
2025-02-05 14:20:31,005 INFO     ___FILE_ONLY___ ═
2025-02-05 14:20:31,007 INFO     ___FILE_ONLY___ ═
2025-02-05 14:20:31,009 INFO     ___FILE_ONLY___ ═
2025-02-05 14:20:31,011 INFO     ___FILE_ONLY___ ═
2025-02-05 14:20:31,013 INFO     ___FILE_ONLY___ ═
2025-02-05 14:20:31,016 INFO     ___FILE_ONLY___ ═
2025-02-05 14:20:31,020 INFO     ___FILE_ONLY___ ═
2025-02-05 14:20:31,021 INFO     ___FILE_ONLY___ ═
2025-02-05 14:20:31,023 INFO     ___FILE_ONLY___ ═
2025-02-05 14:20:31,025 INFO     ___FILE_ONLY___ ═
2025-02-05 14:20:31,027 INFO     ___FILE_ONLY___ ═
2025-02-05 14:20:31,029 INFO     ___FILE_ONLY___ ═
2025-02-05 14:20:31,032 INFO     ___FILE_ONLY___ ═
2025-02-05 14:20:31,033 INFO     ___FILE_ONLY___ ═
2025-02-05 14:20:31,035 INFO     ___FILE_ONLY___ ═
2025-02-05 14:20:31,037 INFO     ___FILE_ONLY___ ═
2025-02-05 14:20:31,039 INFO     ___FILE_ONLY___ ═
2025-02-05 14:20:31,041 INFO     ___FILE_ONLY___ ═
2025-02-05 14:20:31,043 INFO     ___FILE_ONLY___ ═
2025-02-05 14:20:31,045 INFO     ___FILE_ONLY___ ═
2025-02-05 14:20:31,047 INFO     ___FILE_ONLY___ ═
2025-02-05 14:20:31,049 INFO     ___FILE_ONLY___ ═
2025-02-05 14:20:31,051 INFO     ___FILE_ONLY___ ═
2025-02-05 14:20:31,051 INFO     ___FILE_ONLY___ ╝

2025-02-05 14:20:31,059 INFO     ___FILE_ONLY___ ╔════════════════════════════════════════════════════════════╗

2025-02-05 14:20:31,059 INFO     ___FILE_ONLY___ ╠═ Installing: BigQuery Command Line Tool (Platform Spec... ═╣

2025-02-05 14:20:31,059 INFO     ___FILE_ONLY___ ╚
2025-02-05 14:20:31,059 INFO     ___FILE_ONLY___ ════════════════════════════════════════════════════════════
2025-02-05 14:20:31,059 INFO     ___FILE_ONLY___ ╝

2025-02-05 14:20:31,063 INFO     ___FILE_ONLY___ ╔════════════════════════════════════════════════════════════╗

2025-02-05 14:20:31,063 INFO     ___FILE_ONLY___ ╠═ Installing: Bundled Python 3.12                          ═╣

2025-02-05 14:20:31,063 INFO     ___FILE_ONLY___ ╚
2025-02-05 14:20:31,066 INFO     ___FILE_ONLY___ ════════════════════════════════════════════════════════════
2025-02-05 14:20:31,066 INFO     ___FILE_ONLY___ ╝

2025-02-05 14:20:31,067 INFO     ___FILE_ONLY___ ╔════════════════════════════════════════════════════════════╗

2025-02-05 14:20:31,067 INFO     ___FILE_ONLY___ ╠═ Installing: Bundled Python 3.12 (Platform Specific)      ═╣

2025-02-05 14:20:31,067 INFO     ___FILE_ONLY___ ╚
2025-02-05 14:20:34,266 INFO     ___FILE_ONLY___ ═
2025-02-05 14:20:34,750 INFO     ___FILE_ONLY___ ═
2025-02-05 14:20:34,770 INFO     ___FILE_ONLY___ ═
2025-02-05 14:20:34,805 INFO     ___FILE_ONLY___ ═
2025-02-05 14:20:34,827 INFO     ___FILE_ONLY___ ═
2025-02-05 14:20:34,846 INFO     ___FILE_ONLY___ ═
2025-02-05 14:20:34,876 INFO     ___FILE_ONLY___ ═
2025-02-05 14:20:34,896 INFO     ___FILE_ONLY___ ═
2025-02-05 14:20:34,914 INFO     ___FILE_ONLY___ ═
2025-02-05 14:20:34,930 INFO     ___FILE_ONLY___ ═
2025-02-05 14:20:34,945 INFO     ___FILE_ONLY___ ═
2025-02-05 14:20:34,971 INFO     ___FILE_ONLY___ ═
2025-02-05 14:20:35,110 INFO     ___FILE_ONLY___ ═
2025-02-05 14:20:35,126 INFO     ___FILE_ONLY___ ═
2025-02-05 14:20:35,142 INFO     ___FILE_ONLY___ ═
2025-02-05 14:20:35,158 INFO     ___FILE_ONLY___ ═
2025-02-05 14:20:35,172 INFO     ___FILE_ONLY___ ═
2025-02-05 14:20:35,189 INFO     ___FILE_ONLY___ ═
2025-02-05 14:20:35,207 INFO     ___FILE_ONLY___ ═
2025-02-05 14:20:35,227 INFO     ___FILE_ONLY___ ═
2025-02-05 14:20:35,243 INFO     ___FILE_ONLY___ ═
2025-02-05 14:20:35,337 INFO     ___FILE_ONLY___ ═
2025-02-05 14:20:35,358 INFO     ___FILE_ONLY___ ═
2025-02-05 14:20:35,870 INFO     ___FILE_ONLY___ ═
2025-02-05 14:20:35,886 INFO     ___FILE_ONLY___ ═
2025-02-05 14:20:35,900 INFO     ___FILE_ONLY___ ═
2025-02-05 14:20:35,912 INFO     ___FILE_ONLY___ ═
2025-02-05 14:20:35,923 INFO     ___FILE_ONLY___ ═
2025-02-05 14:20:35,935 INFO     ___FILE_ONLY___ ═
2025-02-05 14:20:35,947 INFO     ___FILE_ONLY___ ═
2025-02-05 14:20:35,959 INFO     ___FILE_ONLY___ ═
2025-02-05 14:20:35,970 INFO     ___FILE_ONLY___ ═
2025-02-05 14:20:35,982 INFO     ___FILE_ONLY___ ═
2025-02-05 14:20:35,994 INFO     ___FILE_ONLY___ ═
2025-02-05 14:20:36,006 INFO     ___FILE_ONLY___ ═
2025-02-05 14:20:36,018 INFO     ___FILE_ONLY___ ═
2025-02-05 14:20:36,031 INFO     ___FILE_ONLY___ ═
2025-02-05 14:20:36,043 INFO     ___FILE_ONLY___ ═
2025-02-05 14:20:36,055 INFO     ___FILE_ONLY___ ═
2025-02-05 14:20:36,068 INFO     ___FILE_ONLY___ ═
2025-02-05 14:20:36,084 INFO     ___FILE_ONLY___ ═
2025-02-05 14:20:36,098 INFO     ___FILE_ONLY___ ═
2025-02-05 14:20:36,111 INFO     ___FILE_ONLY___ ═
2025-02-05 14:20:36,123 INFO     ___FILE_ONLY___ ═
2025-02-05 14:20:36,135 INFO     ___FILE_ONLY___ ═
2025-02-05 14:20:36,148 INFO     ___FILE_ONLY___ ═
2025-02-05 14:20:36,162 INFO     ___FILE_ONLY___ ═
2025-02-05 14:20:36,173 INFO     ___FILE_ONLY___ ═
2025-02-05 14:20:36,186 INFO     ___FILE_ONLY___ ═
2025-02-05 14:20:36,199 INFO     ___FILE_ONLY___ ═
2025-02-05 14:20:36,211 INFO     ___FILE_ONLY___ ═
2025-02-05 14:20:36,225 INFO     ___FILE_ONLY___ ═
2025-02-05 14:20:36,237 INFO     ___FILE_ONLY___ ═
2025-02-05 14:20:36,249 INFO     ___FILE_ONLY___ ═
2025-02-05 14:20:36,261 INFO     ___FILE_ONLY___ ═
2025-02-05 14:20:36,274 INFO     ___FILE_ONLY___ ═
2025-02-05 14:20:36,286 INFO     ___FILE_ONLY___ ═
2025-02-05 14:20:36,298 INFO     ___FILE_ONLY___ ═
2025-02-05 14:20:36,311 INFO     ___FILE_ONLY___ ═
2025-02-05 14:20:36,323 INFO     ___FILE_ONLY___ ═
2025-02-05 14:20:36,323 INFO     ___FILE_ONLY___ ╝

2025-02-05 14:20:36,376 INFO     ___FILE_ONLY___ ╔════════════════════════════════════════════════════════════╗

2025-02-05 14:20:36,376 INFO     ___FILE_ONLY___ ╠═ Installing: Cloud Storage Command Line Tool              ═╣

2025-02-05 14:20:36,376 INFO     ___FILE_ONLY___ ╚
2025-02-05 14:20:36,912 INFO     ___FILE_ONLY___ ═
2025-02-05 14:20:36,929 INFO     ___FILE_ONLY___ ═
2025-02-05 14:20:36,950 INFO     ___FILE_ONLY___ ═
2025-02-05 14:20:36,966 INFO     ___FILE_ONLY___ ═
2025-02-05 14:20:36,981 INFO     ___FILE_ONLY___ ═
2025-02-05 14:20:36,993 INFO     ___FILE_ONLY___ ═
2025-02-05 14:20:37,007 INFO     ___FILE_ONLY___ ═
2025-02-05 14:20:37,019 INFO     ___FILE_ONLY___ ═
2025-02-05 14:20:37,034 INFO     ___FILE_ONLY___ ═
2025-02-05 14:20:37,046 INFO     ___FILE_ONLY___ ═
2025-02-05 14:20:37,059 INFO     ___FILE_ONLY___ ═
2025-02-05 14:20:37,070 INFO     ___FILE_ONLY___ ═
2025-02-05 14:20:37,079 INFO     ___FILE_ONLY___ ═
2025-02-05 14:20:37,088 INFO     ___FILE_ONLY___ ═
2025-02-05 14:20:37,098 INFO     ___FILE_ONLY___ ═
2025-02-05 14:20:37,108 INFO     ___FILE_ONLY___ ═
2025-02-05 14:20:37,119 INFO     ___FILE_ONLY___ ═
2025-02-05 14:20:37,130 INFO     ___FILE_ONLY___ ═
2025-02-05 14:20:37,141 INFO     ___FILE_ONLY___ ═
2025-02-05 14:20:37,152 INFO     ___FILE_ONLY___ ═
2025-02-05 14:20:37,165 INFO     ___FILE_ONLY___ ═
2025-02-05 14:20:37,178 INFO     ___FILE_ONLY___ ═
2025-02-05 14:20:37,193 INFO     ___FILE_ONLY___ ═
2025-02-05 14:20:37,202 INFO     ___FILE_ONLY___ ═
2025-02-05 14:20:37,214 INFO     ___FILE_ONLY___ ═
2025-02-05 14:20:37,229 INFO     ___FILE_ONLY___ ═
2025-02-05 14:20:37,245 INFO     ___FILE_ONLY___ ═
2025-02-05 14:20:37,262 INFO     ___FILE_ONLY___ ═
2025-02-05 14:20:37,278 INFO     ___FILE_ONLY___ ═
2025-02-05 14:20:37,297 INFO     ___FILE_ONLY___ ═
2025-02-05 14:20:37,307 INFO     ___FILE_ONLY___ ═
2025-02-05 14:20:37,318 INFO     ___FILE_ONLY___ ═
2025-02-05 14:20:37,335 INFO     ___FILE_ONLY___ ═
2025-02-05 14:20:37,347 INFO     ___FILE_ONLY___ ═
2025-02-05 14:20:37,357 INFO     ___FILE_ONLY___ ═
2025-02-05 14:20:37,367 INFO     ___FILE_ONLY___ ═
2025-02-05 14:20:37,376 INFO     ___FILE_ONLY___ ═
2025-02-05 14:20:37,386 INFO     ___FILE_ONLY___ ═
2025-02-05 14:20:37,397 INFO     ___FILE_ONLY___ ═
2025-02-05 14:20:37,407 INFO     ___FILE_ONLY___ ═
2025-02-05 14:20:37,416 INFO     ___FILE_ONLY___ ═
2025-02-05 14:20:37,428 INFO     ___FILE_ONLY___ ═
2025-02-05 14:20:37,438 INFO     ___FILE_ONLY___ ═
2025-02-05 14:20:37,450 INFO     ___FILE_ONLY___ ═
2025-02-05 14:20:37,465 INFO     ___FILE_ONLY___ ═
2025-02-05 14:20:37,476 INFO     ___FILE_ONLY___ ═
2025-02-05 14:20:37,484 INFO     ___FILE_ONLY___ ═
2025-02-05 14:20:37,494 INFO     ___FILE_ONLY___ ═
2025-02-05 14:20:37,504 INFO     ___FILE_ONLY___ ═
2025-02-05 14:20:37,516 INFO     ___FILE_ONLY___ ═
2025-02-05 14:20:37,533 INFO     ___FILE_ONLY___ ═
2025-02-05 14:20:37,544 INFO     ___FILE_ONLY___ ═
2025-02-05 14:20:37,558 INFO     ___FILE_ONLY___ ═
2025-02-05 14:20:37,571 INFO     ___FILE_ONLY___ ═
2025-02-05 14:20:37,605 INFO     ___FILE_ONLY___ ═
2025-02-05 14:20:37,614 INFO     ___FILE_ONLY___ ═
2025-02-05 14:20:37,624 INFO     ___FILE_ONLY___ ═
2025-02-05 14:20:37,634 INFO     ___FILE_ONLY___ ═
2025-02-05 14:20:37,644 INFO     ___FILE_ONLY___ ═
2025-02-05 14:20:37,658 INFO     ___FILE_ONLY___ ═
2025-02-05 14:20:37,658 INFO     ___FILE_ONLY___ ╝

2025-02-05 14:20:37,687 INFO     ___FILE_ONLY___ ╔════════════════════════════════════════════════════════════╗

2025-02-05 14:20:37,688 INFO     ___FILE_ONLY___ ╠═ Installing: Cloud Storage Command Line Tool (Platform... ═╣

2025-02-05 14:20:37,688 INFO     ___FILE_ONLY___ ╚
2025-02-05 14:20:37,688 INFO     ___FILE_ONLY___ ════════════════════════════════════════════════════════════
2025-02-05 14:20:37,688 INFO     ___FILE_ONLY___ ╝

2025-02-05 14:20:37,692 INFO     ___FILE_ONLY___ ╔════════════════════════════════════════════════════════════╗

2025-02-05 14:20:37,692 INFO     ___FILE_ONLY___ ╠═ Installing: Default set of gcloud commands               ═╣

2025-02-05 14:20:37,692 INFO     ___FILE_ONLY___ ╚
2025-02-05 14:20:37,695 INFO     ___FILE_ONLY___ ════════════════════════════════════════════════════════════
2025-02-05 14:20:37,695 INFO     ___FILE_ONLY___ ╝

2025-02-05 14:20:37,696 INFO     ___FILE_ONLY___ ╔════════════════════════════════════════════════════════════╗

2025-02-05 14:20:37,696 INFO     ___FILE_ONLY___ ╠═ Installing: Google Cloud CLI Core Libraries (Platform... ═╣

2025-02-05 14:20:37,696 INFO     ___FILE_ONLY___ ╚
2025-02-05 14:20:37,697 INFO     ___FILE_ONLY___ ══════════════════════════════
2025-02-05 14:20:37,697 INFO     ___FILE_ONLY___ ══════════════════════════════
2025-02-05 14:20:37,697 INFO     ___FILE_ONLY___ ╝

2025-02-05 14:20:37,701 INFO     ___FILE_ONLY___ ╔════════════════════════════════════════════════════════════╗

2025-02-05 14:20:37,701 INFO     ___FILE_ONLY___ ╠═ Installing: Google Cloud CRC32C Hash Tool                ═╣

2025-02-05 14:20:37,701 INFO     ___FILE_ONLY___ ╚
2025-02-05 14:20:37,703 INFO     ___FILE_ONLY___ ════════════════════════════════════════════════════════════
2025-02-05 14:20:37,703 INFO     ___FILE_ONLY___ ╝

2025-02-05 14:20:37,705 INFO     ___FILE_ONLY___ ╔════════════════════════════════════════════════════════════╗

2025-02-05 14:20:37,705 INFO     ___FILE_ONLY___ ╠═ Installing: Google Cloud CRC32C Hash Tool (Platform S... ═╣

2025-02-05 14:20:37,705 INFO     ___FILE_ONLY___ ╚
2025-02-05 14:20:37,742 INFO     ___FILE_ONLY___ ══════════════════════════════
2025-02-05 14:20:37,742 INFO     ___FILE_ONLY___ ══════════════════════════════
2025-02-05 14:20:37,742 INFO     ___FILE_ONLY___ ╝

2025-02-05 14:20:37,746 INFO     ___FILE_ONLY___ ╔════════════════════════════════════════════════════════════╗

2025-02-05 14:20:37,747 INFO     ___FILE_ONLY___ ╠═ Installing: gcloud cli dependencies (Platform Specific)  ═╣

2025-02-05 14:20:37,747 INFO     ___FILE_ONLY___ ╚
2025-02-05 14:20:37,747 INFO     ___FILE_ONLY___ ════════════════════════════════════════════════════════════
2025-02-05 14:20:37,747 INFO     ___FILE_ONLY___ ╝

2025-02-05 14:20:37,751 DEBUG    root            Updating notification cache...
2025-02-05 14:20:37,752 INFO     ___FILE_ONLY___ 

2025-02-05 14:20:37,753 INFO     ___FILE_ONLY___ Performing post processing steps...
2025-02-05 14:20:37,753 DEBUG    root            Executing command: ['/tools/google-cloud-sdk/bin/gcloud', 'components', 'post-process']
2025-02-05 14:20:45,865 DEBUG    ___FILE_ONLY___ 
2025-02-05 14:20:45,865 DEBUG    ___FILE_ONLY___ 
2025-02-05 14:20:46,567 INFO     ___FILE_ONLY___ 
Update done!


2025-02-05 14:20:46,571 DEBUG    root            Chosen display Format:none
2025-02-05 14:20:46,571 INFO     root            Display format: "none"
